Started by user Administrador
Obtained pipelines/PIPELINE-FULL-STAGING/Jenkinsfile from git git@github.com:jordivil/todo-list-aws.git
[Pipeline] Start of Pipeline
[Pipeline] node
Running on Jenkins in /var/lib/jenkins/workspace/PIPELINE-FULL-STAGING
[Pipeline] {
[Pipeline] stage
[Pipeline] { (Declarative: Checkout SCM)
[Pipeline] checkout
Selected Git installation does not exist. Using Default
The recommended git tool is: NONE
using credential github
Cloning the remote Git repository
Cloning repository git@github.com:jordivil/todo-list-aws.git
 > git init /var/lib/jenkins/workspace/PIPELINE-FULL-STAGING # timeout=10
Fetching upstream changes from git@github.com:jordivil/todo-list-aws.git
 > git --version # timeout=10
 > git --version # 'git version 2.17.1'
using GIT_SSH to set credentials Github SSH
 > git fetch --tags --progress -- git@github.com:jordivil/todo-list-aws.git +refs/heads/*:refs/remotes/origin/* # timeout=10
 > git config remote.origin.url git@github.com:jordivil/todo-list-aws.git # timeout=10
 > git config --add remote.origin.fetch +refs/heads/*:refs/remotes/origin/* # timeout=10
Avoid second fetch
 > git rev-parse refs/remotes/origin/develop^{commit} # timeout=10
Checking out Revision 35386cfdddf7f29dfbafe5e3de900310df100fbb (refs/remotes/origin/develop)
 > git config core.sparsecheckout # timeout=10
 > git checkout -f 35386cfdddf7f29dfbafe5e3de900310df100fbb # timeout=10
Commit message: "Merge pull request #2 from jordivil/develop"
First time build. Skipping changelog.
[Pipeline] }
[Pipeline] // stage
[Pipeline] withEnv
[Pipeline] {
[Pipeline] stage
[Pipeline] { (SetUp)
[Pipeline] echo
Setup Virtualenv for testing
[Pipeline] sh
+ bash pipelines/PIPELINE-FULL-STAGING/setup.sh
+ python3.7 -m venv todo-list-aws
+ source todo-list-aws/bin/activate
++ deactivate nondestructive
++ '[' -n '' ']'
++ '[' -n '' ']'
++ '[' -n /bin/bash -o -n '' ']'
++ hash -r
++ '[' -n '' ']'
++ unset VIRTUAL_ENV
++ '[' '!' nondestructive = nondestructive ']'
++ VIRTUAL_ENV=/var/lib/jenkins/workspace/PIPELINE-FULL-STAGING/todo-list-aws
++ export VIRTUAL_ENV
++ _OLD_VIRTUAL_PATH=/usr/local/sbin:/usr/local/bin:/usr/sbin:/usr/bin:/sbin:/bin:/snap/bin
++ PATH=/var/lib/jenkins/workspace/PIPELINE-FULL-STAGING/todo-list-aws/bin:/usr/local/sbin:/usr/local/bin:/usr/sbin:/usr/bin:/sbin:/bin:/snap/bin
++ export PATH
++ '[' -n '' ']'
++ '[' -z '' ']'
++ _OLD_VIRTUAL_PS1=
++ '[' 'x(todo-list-aws) ' '!=' x ']'
++ PS1='(todo-list-aws) '
++ export PS1
++ '[' -n /bin/bash -o -n '' ']'
++ hash -r
+ python -m pip install --upgrade pip
Collecting pip
  Downloading https://files.pythonhosted.org/packages/96/2f/caec18213f6a67852f6997fb0673ae08d2e93d1b81573edb93ba4ef06970/pip-22.1.2-py3-none-any.whl (2.1MB)
Installing collected packages: pip
  Found existing installation: pip 9.0.1
    Uninstalling pip-9.0.1:
      Successfully uninstalled pip-9.0.1
Successfully installed pip-22.1.2
+ python -m pip install radon
Collecting radon
  Downloading radon-5.1.0-py2.py3-none-any.whl (52 kB)
     ━━━━━━━━━━━━━━━━━━━━━━━━━━━━━━━━━━━━━━━━ 52.1/52.1 kB 7.7 MB/s eta 0:00:00
Collecting colorama>=0.4.1
  Downloading colorama-0.4.4-py2.py3-none-any.whl (16 kB)
Collecting future
  Downloading future-0.18.2.tar.gz (829 kB)
     ━━━━━━━━━━━━━━━━━━━━━━━━━━━━━━━━━━━━━━ 829.2/829.2 kB 51.8 MB/s eta 0:00:00
  Preparing metadata (setup.py): started
  Preparing metadata (setup.py): finished with status 'done'
Collecting mando<0.7,>=0.6
  Downloading mando-0.6.4-py2.py3-none-any.whl (29 kB)
Collecting six
  Downloading six-1.16.0-py2.py3-none-any.whl (11 kB)
Using legacy 'setup.py install' for future, since package 'wheel' is not installed.
Installing collected packages: six, future, colorama, mando, radon
  Running setup.py install for future: started
  Running setup.py install for future: finished with status 'done'
Successfully installed colorama-0.4.4 future-0.18.2 mando-0.6.4 radon-5.1.0 six-1.16.0
+ python -m pip install flake8
Collecting flake8
  Downloading flake8-4.0.1-py2.py3-none-any.whl (64 kB)
     ━━━━━━━━━━━━━━━━━━━━━━━━━━━━━━━━━━━━━━━━ 64.1/64.1 kB 10.5 MB/s eta 0:00:00
Collecting pycodestyle<2.9.0,>=2.8.0
  Downloading pycodestyle-2.8.0-py2.py3-none-any.whl (42 kB)
     ━━━━━━━━━━━━━━━━━━━━━━━━━━━━━━━━━━━━━━━━ 42.1/42.1 kB 8.5 MB/s eta 0:00:00
Collecting pyflakes<2.5.0,>=2.4.0
  Downloading pyflakes-2.4.0-py2.py3-none-any.whl (69 kB)
     ━━━━━━━━━━━━━━━━━━━━━━━━━━━━━━━━━━━━━━━━ 69.7/69.7 kB 13.8 MB/s eta 0:00:00
Collecting importlib-metadata<4.3
  Downloading importlib_metadata-4.2.0-py3-none-any.whl (16 kB)
Collecting mccabe<0.7.0,>=0.6.0
  Downloading mccabe-0.6.1-py2.py3-none-any.whl (8.6 kB)
Collecting zipp>=0.5
  Downloading zipp-3.8.0-py3-none-any.whl (5.4 kB)
Collecting typing-extensions>=3.6.4
  Downloading typing_extensions-4.2.0-py3-none-any.whl (24 kB)
Installing collected packages: mccabe, zipp, typing-extensions, pyflakes, pycodestyle, importlib-metadata, flake8
Successfully installed flake8-4.0.1 importlib-metadata-4.2.0 mccabe-0.6.1 pycodestyle-2.8.0 pyflakes-2.4.0 typing-extensions-4.2.0 zipp-3.8.0
+ python -m pip install flake8-polyfill
Collecting flake8-polyfill
  Downloading flake8_polyfill-1.0.2-py2.py3-none-any.whl (7.3 kB)
Requirement already satisfied: flake8 in ./todo-list-aws/lib/python3.7/site-packages (from flake8-polyfill) (4.0.1)
Requirement already satisfied: mccabe<0.7.0,>=0.6.0 in ./todo-list-aws/lib/python3.7/site-packages (from flake8->flake8-polyfill) (0.6.1)
Requirement already satisfied: importlib-metadata<4.3 in ./todo-list-aws/lib/python3.7/site-packages (from flake8->flake8-polyfill) (4.2.0)
Requirement already satisfied: pycodestyle<2.9.0,>=2.8.0 in ./todo-list-aws/lib/python3.7/site-packages (from flake8->flake8-polyfill) (2.8.0)
Requirement already satisfied: pyflakes<2.5.0,>=2.4.0 in ./todo-list-aws/lib/python3.7/site-packages (from flake8->flake8-polyfill) (2.4.0)
Requirement already satisfied: zipp>=0.5 in ./todo-list-aws/lib/python3.7/site-packages (from importlib-metadata<4.3->flake8->flake8-polyfill) (3.8.0)
Requirement already satisfied: typing-extensions>=3.6.4 in ./todo-list-aws/lib/python3.7/site-packages (from importlib-metadata<4.3->flake8->flake8-polyfill) (4.2.0)
Installing collected packages: flake8-polyfill
Successfully installed flake8-polyfill-1.0.2
+ python -m pip install bandit
Collecting bandit
  Downloading bandit-1.7.4-py3-none-any.whl (118 kB)
     ━━━━━━━━━━━━━━━━━━━━━━━━━━━━━━━━━━━━━━ 118.3/118.3 kB 13.4 MB/s eta 0:00:00
Collecting GitPython>=1.0.1
  Downloading GitPython-3.1.27-py3-none-any.whl (181 kB)
     ━━━━━━━━━━━━━━━━━━━━━━━━━━━━━━━━━━━━━━ 181.2/181.2 kB 32.2 MB/s eta 0:00:00
Collecting stevedore>=1.20.0
  Downloading stevedore-3.5.0-py3-none-any.whl (49 kB)
     ━━━━━━━━━━━━━━━━━━━━━━━━━━━━━━━━━━━━━━━━ 49.7/49.7 kB 9.3 MB/s eta 0:00:00
Collecting PyYAML>=5.3.1
  Downloading PyYAML-6.0-cp37-cp37m-manylinux_2_5_x86_64.manylinux1_x86_64.manylinux_2_12_x86_64.manylinux2010_x86_64.whl (596 kB)
     ━━━━━━━━━━━━━━━━━━━━━━━━━━━━━━━━━━━━━━ 596.3/596.3 kB 54.5 MB/s eta 0:00:00
Requirement already satisfied: typing-extensions>=3.7.4.3 in ./todo-list-aws/lib/python3.7/site-packages (from GitPython>=1.0.1->bandit) (4.2.0)
Collecting gitdb<5,>=4.0.1
  Downloading gitdb-4.0.9-py3-none-any.whl (63 kB)
     ━━━━━━━━━━━━━━━━━━━━━━━━━━━━━━━━━━━━━━━━ 63.1/63.1 kB 14.5 MB/s eta 0:00:00
Requirement already satisfied: importlib-metadata>=1.7.0 in ./todo-list-aws/lib/python3.7/site-packages (from stevedore>=1.20.0->bandit) (4.2.0)
Collecting pbr!=2.1.0,>=2.0.0
  Downloading pbr-5.9.0-py2.py3-none-any.whl (112 kB)
     ━━━━━━━━━━━━━━━━━━━━━━━━━━━━━━━━━━━━━━ 112.3/112.3 kB 22.2 MB/s eta 0:00:00
Collecting smmap<6,>=3.0.1
  Downloading smmap-5.0.0-py3-none-any.whl (24 kB)
Requirement already satisfied: zipp>=0.5 in ./todo-list-aws/lib/python3.7/site-packages (from importlib-metadata>=1.7.0->stevedore>=1.20.0->bandit) (3.8.0)
Installing collected packages: smmap, PyYAML, pbr, stevedore, gitdb, GitPython, bandit
Successfully installed GitPython-3.1.27 PyYAML-6.0 bandit-1.7.4 gitdb-4.0.9 pbr-5.9.0 smmap-5.0.0 stevedore-3.5.0
+ python -m pip install pytest
Collecting pytest
  Downloading pytest-7.1.2-py3-none-any.whl (297 kB)
     ━━━━━━━━━━━━━━━━━━━━━━━━━━━━━━━━━━━━━━ 297.0/297.0 kB 33.8 MB/s eta 0:00:00
Collecting iniconfig
  Downloading iniconfig-1.1.1-py2.py3-none-any.whl (5.0 kB)
Collecting tomli>=1.0.0
  Downloading tomli-2.0.1-py3-none-any.whl (12 kB)
Requirement already satisfied: importlib-metadata>=0.12 in ./todo-list-aws/lib/python3.7/site-packages (from pytest) (4.2.0)
Collecting pluggy<2.0,>=0.12
  Downloading pluggy-1.0.0-py2.py3-none-any.whl (13 kB)
Collecting py>=1.8.2
  Downloading py-1.11.0-py2.py3-none-any.whl (98 kB)
     ━━━━━━━━━━━━━━━━━━━━━━━━━━━━━━━━━━━━━━━━ 98.7/98.7 kB 19.3 MB/s eta 0:00:00
Collecting packaging
  Downloading packaging-21.3-py3-none-any.whl (40 kB)
     ━━━━━━━━━━━━━━━━━━━━━━━━━━━━━━━━━━━━━━━━ 40.8/40.8 kB 7.2 MB/s eta 0:00:00
Collecting attrs>=19.2.0
  Downloading attrs-21.4.0-py2.py3-none-any.whl (60 kB)
     ━━━━━━━━━━━━━━━━━━━━━━━━━━━━━━━━━━━━━━━━ 60.6/60.6 kB 11.8 MB/s eta 0:00:00
Requirement already satisfied: zipp>=0.5 in ./todo-list-aws/lib/python3.7/site-packages (from importlib-metadata>=0.12->pytest) (3.8.0)
Requirement already satisfied: typing-extensions>=3.6.4 in ./todo-list-aws/lib/python3.7/site-packages (from importlib-metadata>=0.12->pytest) (4.2.0)
Collecting pyparsing!=3.0.5,>=2.0.2
  Downloading pyparsing-3.0.9-py3-none-any.whl (98 kB)
     ━━━━━━━━━━━━━━━━━━━━━━━━━━━━━━━━━━━━━━━━ 98.3/98.3 kB 10.7 MB/s eta 0:00:00
Installing collected packages: iniconfig, tomli, pyparsing, py, attrs, pluggy, packaging, pytest
Successfully installed attrs-21.4.0 iniconfig-1.1.1 packaging-21.3 pluggy-1.0.0 py-1.11.0 pyparsing-3.0.9 pytest-7.1.2 tomli-2.0.1
+ python -m pip install boto3
Collecting boto3
  Downloading boto3-1.24.2-py3-none-any.whl (132 kB)
     ━━━━━━━━━━━━━━━━━━━━━━━━━━━━━━━━━━━━━━ 132.5/132.5 kB 19.1 MB/s eta 0:00:00
Collecting botocore<1.28.0,>=1.27.2
  Downloading botocore-1.27.2-py3-none-any.whl (8.8 MB)
     ━━━━━━━━━━━━━━━━━━━━━━━━━━━━━━━━━━━━━━━━ 8.8/8.8 MB 71.2 MB/s eta 0:00:00
Collecting jmespath<2.0.0,>=0.7.1
  Downloading jmespath-1.0.0-py3-none-any.whl (23 kB)
Collecting s3transfer<0.7.0,>=0.6.0
  Downloading s3transfer-0.6.0-py3-none-any.whl (79 kB)
     ━━━━━━━━━━━━━━━━━━━━━━━━━━━━━━━━━━━━━━━━ 79.6/79.6 kB 15.3 MB/s eta 0:00:00
Collecting python-dateutil<3.0.0,>=2.1
  Downloading python_dateutil-2.8.2-py2.py3-none-any.whl (247 kB)
     ━━━━━━━━━━━━━━━━━━━━━━━━━━━━━━━━━━━━━━ 247.7/247.7 kB 36.4 MB/s eta 0:00:00
Collecting urllib3<1.27,>=1.25.4
  Downloading urllib3-1.26.9-py2.py3-none-any.whl (138 kB)
     ━━━━━━━━━━━━━━━━━━━━━━━━━━━━━━━━━━━━━━ 139.0/139.0 kB 25.5 MB/s eta 0:00:00
Requirement already satisfied: six>=1.5 in ./todo-list-aws/lib/python3.7/site-packages (from python-dateutil<3.0.0,>=2.1->botocore<1.28.0,>=1.27.2->boto3) (1.16.0)
Installing collected packages: urllib3, python-dateutil, jmespath, botocore, s3transfer, boto3
Successfully installed boto3-1.24.2 botocore-1.27.2 jmespath-1.0.0 python-dateutil-2.8.2 s3transfer-0.6.0 urllib3-1.26.9
+ python -m pip install moto
Collecting moto
  Downloading moto-3.1.12-py3-none-any.whl (1.8 MB)
     ━━━━━━━━━━━━━━━━━━━━━━━━━━━━━━━━━━━━━━━━ 1.8/1.8 MB 57.6 MB/s eta 0:00:00
Collecting MarkupSafe!=2.0.0a1
  Downloading MarkupSafe-2.1.1-cp37-cp37m-manylinux_2_17_x86_64.manylinux2014_x86_64.whl (25 kB)
Collecting cryptography>=3.3.1
  Downloading cryptography-37.0.2-cp36-abi3-manylinux_2_24_x86_64.whl (4.0 MB)
     ━━━━━━━━━━━━━━━━━━━━━━━━━━━━━━━━━━━━━━━━ 4.0/4.0 MB 48.8 MB/s eta 0:00:00
Collecting requests>=2.5
  Downloading requests-2.27.1-py2.py3-none-any.whl (63 kB)
     ━━━━━━━━━━━━━━━━━━━━━━━━━━━━━━━━━━━━━━━━ 63.1/63.1 kB 13.6 MB/s eta 0:00:00
Requirement already satisfied: boto3>=1.9.201 in ./todo-list-aws/lib/python3.7/site-packages (from moto) (1.24.2)
Requirement already satisfied: python-dateutil<3.0.0,>=2.1 in ./todo-list-aws/lib/python3.7/site-packages (from moto) (2.8.2)
Collecting werkzeug>=0.5
  Downloading Werkzeug-2.1.2-py3-none-any.whl (224 kB)
     ━━━━━━━━━━━━━━━━━━━━━━━━━━━━━━━━━━━━━━ 224.9/224.9 kB 33.6 MB/s eta 0:00:00
Collecting Jinja2>=2.10.1
  Downloading Jinja2-3.1.2-py3-none-any.whl (133 kB)
     ━━━━━━━━━━━━━━━━━━━━━━━━━━━━━━━━━━━━━━ 133.1/133.1 kB 24.0 MB/s eta 0:00:00
Requirement already satisfied: botocore>=1.12.201 in ./todo-list-aws/lib/python3.7/site-packages (from moto) (1.27.2)
Collecting pytz
  Downloading pytz-2022.1-py2.py3-none-any.whl (503 kB)
     ━━━━━━━━━━━━━━━━━━━━━━━━━━━━━━━━━━━━━━ 503.5/503.5 kB 55.6 MB/s eta 0:00:00
Requirement already satisfied: importlib-metadata in ./todo-list-aws/lib/python3.7/site-packages (from moto) (4.2.0)
Collecting xmltodict
  Downloading xmltodict-0.13.0-py2.py3-none-any.whl (10.0 kB)
Collecting responses>=0.9.0
  Downloading responses-0.21.0-py3-none-any.whl (45 kB)
     ━━━━━━━━━━━━━━━━━━━━━━━━━━━━━━━━━━━━━━━━ 46.0/46.0 kB 9.6 MB/s eta 0:00:00
Requirement already satisfied: s3transfer<0.7.0,>=0.6.0 in ./todo-list-aws/lib/python3.7/site-packages (from boto3>=1.9.201->moto) (0.6.0)
Requirement already satisfied: jmespath<2.0.0,>=0.7.1 in ./todo-list-aws/lib/python3.7/site-packages (from boto3>=1.9.201->moto) (1.0.0)
Requirement already satisfied: urllib3<1.27,>=1.25.4 in ./todo-list-aws/lib/python3.7/site-packages (from botocore>=1.12.201->moto) (1.26.9)
Collecting cffi>=1.12
  Downloading cffi-1.15.0-cp37-cp37m-manylinux_2_12_x86_64.manylinux2010_x86_64.whl (427 kB)
     ━━━━━━━━━━━━━━━━━━━━━━━━━━━━━━━━━━━━━━ 427.1/427.1 kB 43.5 MB/s eta 0:00:00
Requirement already satisfied: six>=1.5 in ./todo-list-aws/lib/python3.7/site-packages (from python-dateutil<3.0.0,>=2.1->moto) (1.16.0)
Collecting certifi>=2017.4.17
  Downloading certifi-2022.5.18.1-py3-none-any.whl (155 kB)
     ━━━━━━━━━━━━━━━━━━━━━━━━━━━━━━━━━━━━━━ 155.2/155.2 kB 24.0 MB/s eta 0:00:00
Collecting idna<4,>=2.5
  Downloading idna-3.3-py3-none-any.whl (61 kB)
     ━━━━━━━━━━━━━━━━━━━━━━━━━━━━━━━━━━━━━━━━ 61.2/61.2 kB 12.3 MB/s eta 0:00:00
Collecting charset-normalizer~=2.0.0
  Downloading charset_normalizer-2.0.12-py3-none-any.whl (39 kB)
Requirement already satisfied: typing-extensions in ./todo-list-aws/lib/python3.7/site-packages (from responses>=0.9.0->moto) (4.2.0)
Requirement already satisfied: zipp>=0.5 in ./todo-list-aws/lib/python3.7/site-packages (from importlib-metadata->moto) (3.8.0)
Collecting pycparser
  Downloading pycparser-2.21-py2.py3-none-any.whl (118 kB)
     ━━━━━━━━━━━━━━━━━━━━━━━━━━━━━━━━━━━━━━ 118.7/118.7 kB 20.4 MB/s eta 0:00:00
Installing collected packages: pytz, xmltodict, werkzeug, pycparser, MarkupSafe, idna, charset-normalizer, certifi, requests, Jinja2, cffi, responses, cryptography, moto
Successfully installed Jinja2-3.1.2 MarkupSafe-2.1.1 certifi-2022.5.18.1 cffi-1.15.0 charset-normalizer-2.0.12 cryptography-37.0.2 idna-3.3 moto-3.1.12 pycparser-2.21 pytz-2022.1 requests-2.27.1 responses-0.21.0 werkzeug-2.1.2 xmltodict-0.13.0
+ python -m pip install mock==4.0.2
Collecting mock==4.0.2
  Downloading mock-4.0.2-py3-none-any.whl (28 kB)
Installing collected packages: mock
Successfully installed mock-4.0.2
+ python -m pip install coverage==4.5.4
Collecting coverage==4.5.4
  Downloading coverage-4.5.4-cp37-cp37m-manylinux1_x86_64.whl (205 kB)
     ━━━━━━━━━━━━━━━━━━━━━━━━━━━━━━━━━━━━━━ 205.2/205.2 kB 25.4 MB/s eta 0:00:00
Installing collected packages: coverage
Successfully installed coverage-4.5.4
+ pwd
/var/lib/jenkins/workspace/PIPELINE-FULL-STAGING
[Pipeline] }
[Pipeline] // stage
[Pipeline] stage
[Pipeline] { (Test)
[Pipeline] echo
Static program analysis:
[Pipeline] sh
+ bash pipelines/PIPELINE-FULL-STAGING/static_test.sh
++ wc -l
++ radon cc src -nc
+ RAD_ERRORS=0
+ [[ 0 -ne 0 ]]
++ radon mi src -nc
++ wc -l
+ RAD_ERRORS=0
+ [[ 0 -ne 0 ]]
+ flake8 src/__init__.py src/create.py src/decimalencoder.py src/delete.py src/get.py src/list.py src/todoList.py src/update.py
+ [[ 0 -ne 0 ]]
+ bandit src/__init__.py src/create.py src/decimalencoder.py src/delete.py src/get.py src/list.py src/todoList.py src/update.py
[main]	INFO	profile include tests: None
[main]	INFO	profile exclude tests: None
[main]	INFO	cli include tests: None
[main]	INFO	cli exclude tests: None
[main]	INFO	running on Python 3.7.5
Run started:2022-06-05 13:54:30.394949

Test results:
	No issues identified.

Code scanned:
	Total lines of code: 194
	Total lines skipped (#nosec): 0
	Total potential issues skipped due to specifically being disabled (e.g., #nosec BXXX): 0

Run metrics:
	Total issues (by severity):
		Undefined: 0
		Low: 0
		Medium: 0
		High: 0
	Total issues (by confidence):
		Undefined: 0
		Low: 0
		Medium: 0
		High: 0
Files skipped (0):
+ [[ 0 -ne 0 ]]
[Pipeline] echo
Unit testing:
[Pipeline] sh
+ bash pipelines/PIPELINE-FULL-STAGING/unit_test.sh
++ pwd
+ export PYTHONPATH=:/var/lib/jenkins/workspace/PIPELINE-FULL-STAGING
+ PYTHONPATH=:/var/lib/jenkins/workspace/PIPELINE-FULL-STAGING
+ echo 'PYTHONPATH: :/var/lib/jenkins/workspace/PIPELINE-FULL-STAGING'
PYTHONPATH: :/var/lib/jenkins/workspace/PIPELINE-FULL-STAGING
+ export DYNAMODB_TABLE=todoUnitTestsTable
+ DYNAMODB_TABLE=todoUnitTestsTable
+ python test/unit/TestToDo.py
/var/lib/jenkins/workspace/PIPELINE-FULL-STAGING/todo-list-aws/lib/python3.7/site-packages/moto/__init__.py:27: UserWarning: Module mock_dynamodb2 has been deprecated, and will be removed in a later release. Please use mock_dynamodb instead. See https://github.com/spulec/moto/issues/4526 for more information.
  f"Module {used} has been deprecated, and will be removed in a later release. Please use {recommended} instead. "
.........
----------------------------------------------------------------------
Ran 9 tests in 0.908s

OK
---------------------
Start: setUp
Creating Table with name:todoUnitTestsTable
End: setUp
---------------------
Start: test_delete_todo
Table name:todoUnitTestsTable
Response PutItem{'statusCode': 200, 'body': '{"id": "05ec5d24-e4d7-11ec-993f-12e3dcee2c6d", "text": "Aprender DevOps y Cloud en la UNIR", "checked": false, "createdAt": "1654437270.9967506", "updatedAt": "1654437270.9967506"}'}
Id item:05ec5d24-e4d7-11ec-993f-12e3dcee2c6d
Item deleted succesfully
End: test_delete_todo
---------------------
Start: tearDown
Table deleted succesfully
End: tearDown
---------------------
Start: setUp
Creating Table with name:todoUnitTestsTable
End: setUp
---------------------
Start: test_delete_todo_error
End: test_delete_todo_error
---------------------
Start: tearDown
Table deleted succesfully
End: tearDown
---------------------
Start: setUp
Creating Table with name:todoUnitTestsTable
End: setUp
---------------------
Start: test_get_todo
Table name:todoUnitTestsTable
Response put_item:{'statusCode': 200, 'body': '{"id": "05ec5d25-e4d7-11ec-993f-12e3dcee2c6d", "text": "Aprender DevOps y Cloud en la UNIR", "checked": false, "createdAt": "1654437271.2009687", "updatedAt": "1654437271.2009687"}'}
Id item:05ec5d25-e4d7-11ec-993f-12e3dcee2c6d
Result getItem:{'Item': {'id': '05ec5d25-e4d7-11ec-993f-12e3dcee2c6d', 'text': 'Aprender DevOps y Cloud en la UNIR', 'checked': False, 'createdAt': '1654437271.2009687', 'updatedAt': '1654437271.2009687'}, 'ResponseMetadata': {'RequestId': '58RBJ5IZ1UPB9RQR4PTJRP3GS8BKIZ64350MFP1QU73H4OR7OXJC', 'HTTPStatusCode': 200, 'HTTPHeaders': {'server': 'amazon.com', 'x-amzn-requestid': '58RBJ5IZ1UPB9RQR4PTJRP3GS8BKIZ64350MFP1QU73H4OR7OXJC', 'x-amz-crc32': '3670235291'}, 'RetryAttempts': 0}}
Response Get:{'id': '05ec5d25-e4d7-11ec-993f-12e3dcee2c6d', 'text': 'Aprender DevOps y Cloud en la UNIR', 'checked': False, 'createdAt': '1654437271.2009687', 'updatedAt': '1654437271.2009687'}
End: test_get_todo
---------------------
Start: tearDown
Table deleted succesfully
End: tearDown
---------------------
Start: setUp
Creating Table with name:todoUnitTestsTable
End: setUp
---------------------
Start: test_list_todo
Table name:todoUnitTestsTable
Response GetItems[{'id': '05ec5d26-e4d7-11ec-993f-12e3dcee2c6d', 'text': 'Aprender DevOps y Cloud en la UNIR', 'checked': False, 'createdAt': '1654437271.2894182', 'updatedAt': '1654437271.2894182'}]
End: test_list_todo
---------------------
Start: tearDown
Table deleted succesfully
End: tearDown
---------------------
Start: setUp
Creating Table with name:todoUnitTestsTable
End: setUp
---------------------
Start: test_put_todo
Table name:todoUnitTestsTable
Response put_item:{'statusCode': 200, 'body': '{"id": "05ec5d27-e4d7-11ec-993f-12e3dcee2c6d", "text": "Aprender DevOps y Cloud en la UNIR", "checked": false, "createdAt": "1654437271.4382243", "updatedAt": "1654437271.4382243"}'}
End: test_put_todo
---------------------
Start: tearDown
Table deleted succesfully
End: tearDown
---------------------
Start: setUp
Creating Table with name:todoUnitTestsTable
End: setUp
---------------------
Start: test_put_todo_error
Table name:todoUnitTestsTable
Table name:todoUnitTestsTable
End: test_put_todo_error
---------------------
Start: tearDown
Table deleted succesfully
End: tearDown
---------------------
Start: setUp
Creating Table with name:todoUnitTestsTable
End: setUp
---------------------
Start: test_table_exists
Table name:todoUnitTestsTable
End: test_table_exists
---------------------
Start: tearDown
Table deleted succesfully
End: tearDown
---------------------
Start: setUp
Creating Table with name:todoUnitTestsTable
End: setUp
---------------------
Start: test_update_todo
Table name:todoUnitTestsTable
Response PutItem{'statusCode': 200, 'body': '{"id": "05ec5d2a-e4d7-11ec-993f-12e3dcee2c6d", "text": "Aprender DevOps y Cloud en la UNIR", "checked": false, "createdAt": "1654437271.6888666", "updatedAt": "1654437271.6888666"}'}
Id item:05ec5d2a-e4d7-11ec-993f-12e3dcee2c6d
Result Update Item:{'id': '05ec5d2a-e4d7-11ec-993f-12e3dcee2c6d', 'text': 'Aprender más cosas que DevOps y Cloud en la UNIR', 'checked': 'false', 'createdAt': '1654437271.6888666', 'updatedAt': Decimal('1654437271692')}
End: test_update_todo
---------------------
Start: tearDown
Table deleted succesfully
End: tearDown
---------------------
Start: setUp
Creating Table with name:todoUnitTestsTable
End: setUp
---------------------
Start: atest_update_todo_error
Table name:todoUnitTestsTable
Response PutItem{'statusCode': 200, 'body': '{"id": "05ec5d2b-e4d7-11ec-993f-12e3dcee2c6d", "text": "Aprender DevOps y Cloud en la UNIR", "checked": false, "createdAt": "1654437271.7847238", "updatedAt": "1654437271.7847238"}'}
End: atest_update_todo_error
---------------------
Start: tearDown
Table deleted succesfully
End: tearDown
+ pip show coverage
Name: coverage
Version: 4.5.4
Summary: Code coverage measurement for Python
Home-page: https://github.com/nedbat/coveragepy
Author: Ned Batchelder and 100 others
Author-email: ned@nedbatchelder.com
License: Apache 2.0
Location: /var/lib/jenkins/workspace/PIPELINE-FULL-STAGING/todo-list-aws/lib/python3.7/site-packages
Requires: 
Required-by: 
+ coverage run --include=src/todoList.py test/unit/TestToDo.py
/var/lib/jenkins/workspace/PIPELINE-FULL-STAGING/todo-list-aws/lib/python3.7/site-packages/moto/__init__.py:27: UserWarning: Module mock_dynamodb2 has been deprecated, and will be removed in a later release. Please use mock_dynamodb instead. See https://github.com/spulec/moto/issues/4526 for more information.
  f"Module {used} has been deprecated, and will be removed in a later release. Please use {recommended} instead. "
.........
----------------------------------------------------------------------
Ran 9 tests in 1.303s

OK
---------------------
Start: setUp
Creating Table with name:todoUnitTestsTable
End: setUp
---------------------
Start: test_delete_todo
Table name:todoUnitTestsTable
Response PutItem{'statusCode': 200, 'body': '{"id": "07582abc-e4d7-11ec-993f-12e3dcee2c6d", "text": "Aprender DevOps y Cloud en la UNIR", "checked": false, "createdAt": "1654437273.3894382", "updatedAt": "1654437273.3894382"}'}
Id item:07582abc-e4d7-11ec-993f-12e3dcee2c6d
Item deleted succesfully
End: test_delete_todo
---------------------
Start: tearDown
Table deleted succesfully
End: tearDown
---------------------
Start: setUp
Creating Table with name:todoUnitTestsTable
End: setUp
---------------------
Start: test_delete_todo_error
End: test_delete_todo_error
---------------------
Start: tearDown
Table deleted succesfully
End: tearDown
---------------------
Start: setUp
Creating Table with name:todoUnitTestsTable
End: setUp
---------------------
Start: test_get_todo
Table name:todoUnitTestsTable
Response put_item:{'statusCode': 200, 'body': '{"id": "07582abd-e4d7-11ec-993f-12e3dcee2c6d", "text": "Aprender DevOps y Cloud en la UNIR", "checked": false, "createdAt": "1654437273.647954", "updatedAt": "1654437273.647954"}'}
Id item:07582abd-e4d7-11ec-993f-12e3dcee2c6d
Result getItem:{'Item': {'id': '07582abd-e4d7-11ec-993f-12e3dcee2c6d', 'text': 'Aprender DevOps y Cloud en la UNIR', 'checked': False, 'createdAt': '1654437273.647954', 'updatedAt': '1654437273.647954'}, 'ResponseMetadata': {'RequestId': 'Y8K45BRR89GNK1WRX9KE0HYO738SBP7NMAHDAPPARS0UXLATALNY', 'HTTPStatusCode': 200, 'HTTPHeaders': {'server': 'amazon.com', 'x-amzn-requestid': 'Y8K45BRR89GNK1WRX9KE0HYO738SBP7NMAHDAPPARS0UXLATALNY', 'x-amz-crc32': '2881428842'}, 'RetryAttempts': 0}}
Response Get:{'id': '07582abd-e4d7-11ec-993f-12e3dcee2c6d', 'text': 'Aprender DevOps y Cloud en la UNIR', 'checked': False, 'createdAt': '1654437273.647954', 'updatedAt': '1654437273.647954'}
End: test_get_todo
---------------------
Start: tearDown
Table deleted succesfully
End: tearDown
---------------------
Start: setUp
Creating Table with name:todoUnitTestsTable
End: setUp
---------------------
Start: test_list_todo
Table name:todoUnitTestsTable
Response GetItems[{'id': '07582abe-e4d7-11ec-993f-12e3dcee2c6d', 'text': 'Aprender DevOps y Cloud en la UNIR', 'checked': False, 'createdAt': '1654437273.829621', 'updatedAt': '1654437273.829621'}]
End: test_list_todo
---------------------
Start: tearDown
Table deleted succesfully
End: tearDown
---------------------
Start: setUp
Creating Table with name:todoUnitTestsTable
End: setUp
---------------------
Start: test_put_todo
Table name:todoUnitTestsTable
Response put_item:{'statusCode': 200, 'body': '{"id": "07582abf-e4d7-11ec-993f-12e3dcee2c6d", "text": "Aprender DevOps y Cloud en la UNIR", "checked": false, "createdAt": "1654437273.9575737", "updatedAt": "1654437273.9575737"}'}
End: test_put_todo
---------------------
Start: tearDown
Table deleted succesfully
End: tearDown
---------------------
Start: setUp
Creating Table with name:todoUnitTestsTable
End: setUp
---------------------
Start: test_put_todo_error
Table name:todoUnitTestsTable
Table name:todoUnitTestsTable
End: test_put_todo_error
---------------------
Start: tearDown
Table deleted succesfully
End: tearDown
---------------------
Start: setUp
Creating Table with name:todoUnitTestsTable
End: setUp
---------------------
Start: test_table_exists
Table name:todoUnitTestsTable
End: test_table_exists
---------------------
Start: tearDown
Table deleted succesfully
End: tearDown
---------------------
Start: setUp
Creating Table with name:todoUnitTestsTable
End: setUp
---------------------
Start: test_update_todo
Table name:todoUnitTestsTable
Response PutItem{'statusCode': 200, 'body': '{"id": "07582ac2-e4d7-11ec-993f-12e3dcee2c6d", "text": "Aprender DevOps y Cloud en la UNIR", "checked": false, "createdAt": "1654437274.3180041", "updatedAt": "1654437274.3180041"}'}
Id item:07582ac2-e4d7-11ec-993f-12e3dcee2c6d
Result Update Item:{'id': '07582ac2-e4d7-11ec-993f-12e3dcee2c6d', 'text': 'Aprender más cosas que DevOps y Cloud en la UNIR', 'checked': 'false', 'createdAt': '1654437274.3180041', 'updatedAt': Decimal('1654437274323')}
End: test_update_todo
---------------------
Start: tearDown
Table deleted succesfully
End: tearDown
---------------------
Start: setUp
Creating Table with name:todoUnitTestsTable
End: setUp
---------------------
Start: atest_update_todo_error
Table name:todoUnitTestsTable
Response PutItem{'statusCode': 200, 'body': '{"id": "07582ac3-e4d7-11ec-993f-12e3dcee2c6d", "text": "Aprender DevOps y Cloud en la UNIR", "checked": false, "createdAt": "1654437274.4479783", "updatedAt": "1654437274.4479783"}'}
End: atest_update_todo_error
---------------------
Start: tearDown
Table deleted succesfully
End: tearDown
+ coverage report
Name              Stmts   Miss  Cover
-------------------------------------
src/todoList.py      64     15    77%
+ coverage xml
Post stage
[Pipeline] script
[Pipeline] {
[Pipeline] publishCoverage
Publishing Coverage report....
A total of 1 reports were found
[Coverage] Computing coverage delta report
[Coverage] Reference build recorder is not configured
[Coverage] -> No reference build defined, falling back to previous build
[Coverage] -> Found no reference result in reference build
[Checks API] No suitable checks publisher found.
[Pipeline] }
[Pipeline] // script
[Pipeline] }
[Pipeline] // stage
[Pipeline] stage
[Pipeline] { (Build)
[Pipeline] echo
Package sam application:
[Pipeline] sh
+ bash pipelines/common-steps/build.sh
+ sam validate --region us-east-1

	SAM CLI now collects telemetry to better understand customer needs.

	You can OPT OUT and disable telemetry collection by setting the
	environment variable SAM_CLI_TELEMETRY=0 in your shell.
	Thanks for your help!

	Learn More: https://docs.aws.amazon.com/serverless-application-model/latest/developerguide/serverless-sam-telemetry.html

2022-06-05 13:54:38 Loading policies from IAM...
2022-06-05 13:54:39 Finished loading policies from IAM.
/var/lib/jenkins/workspace/PIPELINE-FULL-STAGING/template.yaml is a valid SAM Template

SAM CLI update available (1.51.0); (1.33.0 installed)
To download: https://docs.aws.amazon.com/serverless-application-model/latest/developerguide/serverless-sam-cli-install.html
+ sam build
Building codeuri: /var/lib/jenkins/workspace/PIPELINE-FULL-STAGING/src runtime: python3.7 metadata: {} architecture: x86_64 functions: ['CreateTodoFunction', 'ListTodosFunction', 'GetTodoFunction', 'UpdateTodoFunction', 'DeleteTodoFunction']
Running PythonPipBuilder:ResolveDependencies
Running PythonPipBuilder:CopySource

Build Succeeded

Built Artifacts  : .aws-sam/build
Built Template   : .aws-sam/build/template.yaml

Commands you can use next
=========================
[*] Invoke Function: sam local invoke
[*] Deploy: sam deploy --guided
    
[Pipeline] }
[Pipeline] // stage
[Pipeline] stage
[Pipeline] { (Deploy)
[Pipeline] echo
Initiating Deployment
[Pipeline] sh
+ bash pipelines/common-steps/deploy.sh
+ sort -h
+ du -hs CHANGELOG.md README.md coverage.xml localEnvironment.json pipelines pytest.ini samconfig.toml src template.yaml test todo-list-aws
4.0K	CHANGELOG.md
4.0K	coverage.xml
4.0K	localEnvironment.json
4.0K	pytest.ini
4.0K	samconfig.toml
8.0K	README.md
8.0K	template.yaml
28K	test
48K	src
60K	pipelines
161M	todo-list-aws
+ sam deploy template.yaml --config-env staging --no-confirm-changeset --force-upload --no-fail-on-empty-changeset --no-progressbar
	Deploying with following values
	===============================
	Stack name                   : todo-list-aws-staging
	Region                       : us-east-1
	Confirm changeset            : False
	Deployment s3 bucket         : aws-sam-cli-managed-staging-samclisourcebucket-jvillar
	Capabilities                 : ["CAPABILITY_IAM"]
	Parameter overrides          : {"Stage": "staging"}
	Signing Profiles             : {}

Initiating deployment
=====================

Waiting for changeset to be created..
No changes to deploy. Stack todo-list-aws-staging is up to date
[Pipeline] }
[Pipeline] // stage
[Pipeline] stage
[Pipeline] { (Integration Test after deploy)
[Pipeline] script
[Pipeline] {
[Pipeline] sh
+ aws cloudformation describe-stacks --stack-name todo-list-aws-staging --query Stacks[0].Outputs[?OutputKey==`BaseUrlApi`].OutputValue --region us-east-1 --output text
[Pipeline] echo
https://a1qyudfp2i.execute-api.us-east-1.amazonaws.com/Prod

[Pipeline] echo
Initiating Integration Tests
[Pipeline] sh
+ bash pipelines/common-steps/integration.sh https://a1qyudfp2i.execute-api.us-east-1.amazonaws.com/Prod
+ export BASE_URL=https://a1qyudfp2i.execute-api.us-east-1.amazonaws.com/Prod
+ BASE_URL=https://a1qyudfp2i.execute-api.us-east-1.amazonaws.com/Prod
+ pytest -s test/integration/todoApiTest.py
============================= test session starts ==============================
platform linux -- Python 3.7.5, pytest-7.1.2, pluggy-1.0.0
rootdir: /var/lib/jenkins/workspace/PIPELINE-FULL-STAGING, configfile: pytest.ini
collected 5 items

test/integration/todoApiTest.py ---------------------------------------
Starting - integration test Add TODO
Response Add Todo: {"id": "142f88a2-e4d7-11ec-b217-668a7fc0acab", "text": "Integration text example", "checked": false, "createdAt": "1654437294.81979", "updatedAt": "1654437294.81979"}
ID todo:142f88a2-e4d7-11ec-b217-668a7fc0acab
End - integration test Add TODO
.---------------------------------------
Starting - integration test Delete TODO
Response Add todo: {"id": "15bf3802-e4d7-11ec-b217-668a7fc0acab", "text": "Integration text example - Initial", "checked": false, "createdAt": "1654437297.522704", "updatedAt": "1654437297.522704"}
ID todo:15bf3802-e4d7-11ec-b217-668a7fc0acab
Response Delete Todo:<Response [200]>
Response Get Todo https://a1qyudfp2i.execute-api.us-east-1.amazonaws.com/Prod/todos/15bf3802-e4d7-11ec-b217-668a7fc0acab: <Response [404]>
End - integration test Delete TODO
.---------------------------------------
Starting - integration test Get TODO
Response Add Todo: {'statusCode': 200, 'body': '{"id": "175e574c-e4d7-11ec-b217-668a7fc0acab", "text": "Integration text example - GET", "checked": false, "createdAt": "1654437300.2801068", "updatedAt": "1654437300.2801068"}'}
ID todo:175e574c-e4d7-11ec-b217-668a7fc0acab
Response Get Todo: {'checked': False, 'createdAt': '1654437300.2801068', 'text': 'Integration text example - GET', 'id': '175e574c-e4d7-11ec-b217-668a7fc0acab', 'updatedAt': '1654437300.2801068'}
End - integration test Get TODO
.---------------------------------------
Starting - integration test List TODO
Response Add Todo: {'statusCode': 200, 'body': '{"id": "17dec922-e4d7-11ec-b217-668a7fc0acab", "text": "Integration text example", "checked": false, "createdAt": "1654437301.1219175", "updatedAt": "1654437301.1219175"}'}
ID todo:17dec922-e4d7-11ec-b217-668a7fc0acab
Response List Todo:[{'checked': False, 'createdAt': '1654437301.1219175', 'text': 'Integration text example', 'id': '17dec922-e4d7-11ec-b217-668a7fc0acab', 'updatedAt': '1654437301.1219175'}]
End - integration test List TODO
.---------------------------------------
Starting - integration test Update TODO
Response Add todo: {"id": "194d12a0-e4d7-11ec-b217-668a7fc0acab", "text": "Integration text example - Initial", "checked": false, "createdAt": "1654437303.522422", "updatedAt": "1654437303.522422"}
ID todo:194d12a0-e4d7-11ec-b217-668a7fc0acab
Response Update todo: {'checked': 'true', 'createdAt': '1654437303.522422', 'text': 'Integration text example - Modified', 'id': '194d12a0-e4d7-11ec-b217-668a7fc0acab', 'updatedAt': 1654437305683}
Response Get Todo: {'checked': 'true', 'createdAt': '1654437303.522422', 'text': 'Integration text example - Modified', 'id': '194d12a0-e4d7-11ec-b217-668a7fc0acab', 'updatedAt': 1654437305683}
End - integration test Update TODO
.

============================== 5 passed in 13.83s ==============================
[Pipeline] }
[Pipeline] // script
[Pipeline] }
[Pipeline] // stage
[Pipeline] stage
[Pipeline] { (Declarative: Post Actions)
[Pipeline] echo
Clean env: delete dir
[Pipeline] cleanWs
[WS-CLEANUP] Deleting project workspace...
[WS-CLEANUP] Deferred wipeout is used...
[WS-CLEANUP] done
[Pipeline] }
[Pipeline] // stage
[Pipeline] }
[Pipeline] // withEnv
[Pipeline] }
[Pipeline] // node
[Pipeline] End of Pipeline
Finished: SUCCESS
